# JRE version: OpenJDK Runtime Environment (8.0_382-b05) (build 1.8.0_382-b05)
# Java VM: OpenJDK 64-Bit Server VM (25.382-b05 mixed mode windows-amd64 compressed oops)
Heap:
 PSYoungGen      total 143360K, used 71790K [0x0000000720400000, 0x0000000731c00000, 0x00000007c0000000)
  eden space 122880K, 58% used [0x0000000720400000,0x0000000724a1b9b0,0x0000000727c00000)
  from space 20480K, 0% used [0x0000000729000000,0x0000000729000000,0x000000072a400000)
  to   space 20480K, 0% used [0x0000000727c00000,0x0000000727c00000,0x0000000729000000)
 ParOldGen       total 220672K, used 18780K [0x00000005e0c00000, 0x00000005ee380000, 0x0000000720400000)
  object space 220672K, 8% used [0x00000005e0c00000,0x00000005e1e571c0,0x00000005ee380000)
 Metaspace       used 22431K, capacity 22808K, committed 22912K, reserved 1069056K
  class space    used 2782K, capacity 2888K, committed 2944K, reserved 1048576K
GC Heap History (6 events):
Event: 1.623 GC heap before
{Heap before GC invocations=1 (full 0):
 PSYoungGen      total 143360K, used 122880K [0x0000000720400000, 0x000000072a400000, 0x00000007c0000000)
  eden space 122880K, 100% used [0x0000000720400000,0x0000000727c00000,0x0000000727c00000)
  from space 20480K, 0% used [0x0000000729000000,0x0000000729000000,0x000000072a400000)
  to   space 20480K, 0% used [0x0000000727c00000,0x0000000727c00000,0x0000000729000000)
 ParOldGen       total 327680K, used 0K [0x00000005e0c00000, 0x00000005f4c00000, 0x0000000720400000)
  object space 327680K, 0% used [0x00000005e0c00000,0x00000005e0c00000,0x00000005f4c00000)
 Metaspace       used 16193K, capacity 16374K, committed 16768K, reserved 1064960K
  class space    used 2026K, capacity 2099K, committed 2176K, reserved 1048576K
Event: 1.636 GC heap after
Heap after GC invocations=1 (full 0):
 PSYoungGen      total 143360K, used 20456K [0x0000000720400000, 0x000000072a400000, 0x00000007c0000000)
  eden space 122880K, 0% used [0x0000000720400000,0x0000000720400000,0x0000000727c00000)
  from space 20480K, 99% used [0x0000000727c00000,0x0000000728ffa378,0x0000000729000000)
  to   space 20480K, 0% used [0x0000000729000000,0x0000000729000000,0x000000072a400000)
 ParOldGen       total 327680K, used 1322K [0x00000005e0c00000, 0x00000005f4c00000, 0x0000000720400000)
  object space 327680K, 0% used [0x00000005e0c00000,0x00000005e0d4a9b0,0x00000005f4c00000)
 Metaspace       used 16193K, capacity 16374K, committed 16768K, reserved 1064960K
  class space    used 2026K, capacity 2099K, committed 2176K, reserved 1048576K
}
Event: 2.614 GC heap before
{Heap before GC invocations=2 (full 0):
 PSYoungGen      total 143360K, used 75335K [0x0000000720400000, 0x000000072a400000, 0x00000007c0000000)
  eden space 122880K, 44% used [0x0000000720400000,0x0000000723997c48,0x0000000727c00000)
  from space 20480K, 99% used [0x0000000727c00000,0x0000000728ffa378,0x0000000729000000)
  to   space 20480K, 0% used [0x0000000729000000,0x0000000729000000,0x000000072a400000)
 ParOldGen       total 327680K, used 1322K [0x00000005e0c00000, 0x00000005f4c00000, 0x0000000720400000)
  object space 327680K, 0% used [0x00000005e0c00000,0x00000005e0d4a9b0,0x00000005f4c00000)
 Metaspace       used 20850K, capacity 21124K, committed 21248K, reserved 1067008K
  class space    used 2645K, capacity 2746K, committed 2816K, reserved 1048576K
Event: 2.627 GC heap after
Heap after GC invocations=2 (full 0):
 PSYoungGen      total 143360K, used 19091K [0x0000000720400000, 0x0000000731c00000, 0x00000007c0000000)
  eden space 122880K, 0% used [0x0000000720400000,0x0000000720400000,0x0000000727c00000)
  from space 20480K, 93% used [0x0000000729000000,0x000000072a2a4d20,0x000000072a400000)
  to   space 20480K, 0% used [0x0000000727c00000,0x0000000727c00000,0x0000000729000000)
 ParOldGen       total 327680K, used 1346K [0x00000005e0c00000, 0x00000005f4c00000, 0x0000000720400000)
  object space 327680K, 0% used [0x00000005e0c00000,0x00000005e0d509b0,0x00000005f4c00000)
 Metaspace       used 20850K, capacity 21124K, committed 21248K, reserved 1067008K
  class space    used 2645K, capacity 2746K, committed 2816K, reserved 1048576K
}
Event: 2.627 GC heap before
{Heap before GC invocations=3 (full 1):
 PSYoungGen      total 143360K, used 19091K [0x0000000720400000, 0x0000000731c00000, 0x00000007c0000000)
  eden space 122880K, 0% used [0x0000000720400000,0x0000000720400000,0x0000000727c00000)
  from space 20480K, 93% used [0x0000000729000000,0x000000072a2a4d20,0x000000072a400000)
  to   space 20480K, 0% used [0x0000000727c00000,0x0000000727c00000,0x0000000729000000)
 ParOldGen       total 327680K, used 1346K [0x00000005e0c00000, 0x00000005f4c00000, 0x0000000720400000)
  object space 327680K, 0% used [0x00000005e0c00000,0x00000005e0d509b0,0x00000005f4c00000)
 Metaspace       used 20850K, capacity 21124K, committed 21248K, reserved 1067008K
  class space    used 2645K, capacity 2746K, committed 2816K, reserved 1048576K
Event: 2.674 GC heap after
Heap after GC invocations=3 (full 1):
 PSYoungGen      total 143360K, used 0K [0x0000000720400000, 0x0000000731c00000, 0x00000007c0000000)
  eden space 122880K, 0% used [0x0000000720400000,0x0000000720400000,0x0000000727c00000)
  from space 20480K, 0% used [0x0000000729000000,0x0000000729000000,0x000000072a400000)
  to   space 20480K, 0% used [0x0000000727c00000,0x0000000727c00000,0x0000000729000000)
 ParOldGen       total 220672K, used 18780K [0x00000005e0c00000, 0x00000005ee380000, 0x0000000720400000)
  object space 220672K, 8% used [0x00000005e0c00000,0x00000005e1e571c0,0x00000005ee380000)
 Metaspace       used 20850K, capacity 21124K, committed 21248K, reserved 1067008K
  class space    used 2645K, capacity 2746K, committed 2816K, reserved 1048576K
}

